SLURM_JOB_ID: 64538694
SLURM_JOB_USER: vsc30745
SLURM_JOB_ACCOUNT: lpt2_sysadmin
SLURM_JOB_NAME: vary_size
SLURM_CLUSTER_NAME: wice
SLURM_JOB_PARTITION: batch_sapphirerapids
SLURM_NNODES: 1
SLURM_NODELIST: q16c07n1
SLURM_JOB_CPUS_PER_NODE: 96
Date: Fri May 23 10:43:58 CEST 2025
Walltime: 00-01:00:00
========================================================================
SIZE=33
[1] -8.994768e+45  3.368518e+46

real	0m1.013s
user	0m0.298s
sys	0m0.414s
SIZE=100
[1] -2.471943e+58  9.738521e+58

real	0m0.680s
user	0m0.242s
sys	0m0.349s
SIZE=333
[1] -7.556375e+75  2.684435e+75

real	0m0.789s
user	0m0.395s
sys	0m0.521s
SIZE=1000
[1] -1.448416e+89  1.487031e+89

real	0m1.264s
user	0m2.276s
sys	0m0.440s
SIZE=3333
[1] -3.495071e+104  2.843123e+104

real	0m15.164s
user	0m51.392s
sys	0m2.374s
SIZE=10000
[1] -4.351407e+118  3.656533e+118

real	5m1.235s
user	19m0.874s
sys	0m18.375s
