CPUS_PER_TASK=1
[1] -3.495071e+104  2.843123e+104

real	0m44.108s
user	0m42.614s
sys	0m0.732s
CPUS_PER_TASK=2
[1] -3.495071e+104  2.843123e+104

real	0m23.964s
user	0m44.185s
sys	0m1.325s
CPUS_PER_TASK=4
[1] -3.495071e+104  2.843123e+104

real	0m14.038s
user	0m46.474s
sys	0m2.891s
CPUS_PER_TASK=8
[1] -3.495071e+104  2.843123e+104

real	0m9.148s
user	0m51.095s
sys	0m7.027s
CPUS_PER_TASK=12
[1] -3.495071e+104  2.843123e+104

real	0m7.073s
user	0m55.082s
sys	0m6.920s
CPUS_PER_TASK=16
[1] -3.495071e+104  2.843123e+104

real	0m6.227s
user	0m57.667s
sys	0m10.665s
CPUS_PER_TASK=24
[1] -3.495071e+104  2.843123e+104

real	0m6.420s
user	1m22.380s
sys	0m15.712s
CPUS_PER_TASK=32
[1] -3.495071e+104  2.843123e+104

real	0m6.491s
user	1m30.674s
sys	0m19.581s
CPUS_PER_TASK=48
[1] -3.495071e+104  2.843123e+104

real	0m6.061s
user	2m41.808s
sys	0m28.948s
CPUS_PER_TASK=64
[1] -3.495071e+104  2.843123e+104

real	0m5.711s
user	3m2.506s
sys	0m38.925s
CPUS_PER_TASK=96
[1] -3.495071e+104  2.843123e+104

real	0m6.029s
user	4m42.098s
sys	1m10.858s
